<?xml version="1.0" encoding="UTF-8"?>
<testng-results skipped="0" failed="0" total="1" passed="1">
  <reporter-output>
  </reporter-output>
  <suite name="Default suite" duration-ms="81190016" started-at="2014-04-27T19:35:34Z" finished-at="2014-04-28T18:08:44Z">
    <groups>
    </groups>
    <test name="Default test" duration-ms="81190016" started-at="2014-04-27T19:35:34Z" finished-at="2014-04-28T18:08:44Z">
      <class name="com.example.tests.TestContactDeletion">
        <test-method status="PASS" signature="setUp()[pri:0, instance:com.example.tests.TestContactDeletion@186b570]" name="setUp" is-config="true" duration-ms="32" started-at="2014-04-27T22:35:34Z" finished-at="2014-04-27T22:35:34Z">
          <reporter-output>
          </reporter-output>
        </test-method> <!-- setUp -->
        <test-method status="PASS" signature="shouldDeleteFirstContact()[pri:0, instance:com.example.tests.TestContactDeletion@186b570]" name="shouldDeleteFirstContact" duration-ms="81189984" started-at="2014-04-27T22:35:34Z" finished-at="2014-04-28T21:08:44Z">
          <reporter-output>
          </reporter-output>
        </test-method> <!-- shouldDeleteFirstContact -->
      </class> <!-- com.example.tests.TestContactDeletion -->
    </test> <!-- Default test -->
  </suite> <!-- Default suite -->
</testng-results>
