<?xml version="1.0" encoding="UTF-8"?>
<testng-results skipped="0" failed="0" total="1" passed="1">
  <reporter-output>
  </reporter-output>
  <suite name="Default suite" duration-ms="6180" started-at="2014-03-10T21:53:41Z" finished-at="2014-03-10T21:53:47Z">
    <groups>
    </groups>
    <test name="Default test" duration-ms="6180" started-at="2014-03-10T21:53:41Z" finished-at="2014-03-10T21:53:47Z">
      <class name="com.example.tests.GroupRemovalTests">
        <test-method status="PASS" signature="setUp()[pri:0, instance:com.example.tests.GroupRemovalTests@374f1544]" name="setUp" is-config="true" duration-ms="4868" started-at="2014-03-10T23:53:41Z" finished-at="2014-03-10T23:53:46Z">
          <reporter-output>
          </reporter-output>
        </test-method> <!-- setUp -->
        <test-method status="PASS" signature="DeleteSomeGroup()[pri:0, instance:com.example.tests.GroupRemovalTests@374f1544]" name="DeleteSomeGroup" duration-ms="1208" started-at="2014-03-10T23:53:46Z" finished-at="2014-03-10T23:53:47Z">
          <reporter-output>
          </reporter-output>
        </test-method> <!-- DeleteSomeGroup -->
        <test-method status="PASS" signature="tearDown()[pri:0, instance:com.example.tests.GroupRemovalTests@374f1544]" name="tearDown" is-config="true" duration-ms="84" started-at="2014-03-10T23:53:47Z" finished-at="2014-03-10T23:53:47Z">
          <reporter-output>
          </reporter-output>
        </test-method> <!-- tearDown -->
      </class> <!-- com.example.tests.GroupRemovalTests -->
    </test> <!-- Default test -->
  </suite> <!-- Default suite -->
</testng-results>
