<?xml version="1.0" encoding="UTF-8"?>
<testng-results skipped="0" failed="0" total="3" passed="3">
  <reporter-output>
  </reporter-output>
  <suite name="Default suite" duration-ms="8637" started-at="2014-05-07T22:16:51Z" finished-at="2014-05-07T22:16:59Z">
    <groups>
    </groups>
    <test name="Default test" duration-ms="8637" started-at="2014-05-07T22:16:51Z" finished-at="2014-05-07T22:16:59Z">
      <class name="com.example.tests.GroupCreationTests">
        <test-method status="PASS" signature="setUp()[pri:0, instance:com.example.tests.GroupCreationTests@3bb779cf]" name="setUp" is-config="true" duration-ms="21" started-at="2014-05-08T01:16:51Z" finished-at="2014-05-08T01:16:51Z">
          <reporter-output>
          </reporter-output>
        </test-method> <!-- setUp -->
        <test-method status="PASS" signature="testGroupCreationWithValidData(com.example.tests.GroupData)[pri:0, instance:com.example.tests.GroupCreationTests@3bb779cf]" name="testGroupCreationWithValidData" duration-ms="6908" started-at="2014-05-08T01:16:51Z" data-provider="groupsFromFile" finished-at="2014-05-08T01:16:58Z">
          <params>
            <param index="0">
              <value>
                <![CDATA[GroupData [name=, header=, footer=groupfooter611295525]]]>
              </value>
            </param>
          </params>
          <reporter-output>
          </reporter-output>
        </test-method> <!-- testGroupCreationWithValidData -->
        <test-method status="PASS" signature="testGroupCreationWithValidData(com.example.tests.GroupData)[pri:0, instance:com.example.tests.GroupCreationTests@3bb779cf]" name="testGroupCreationWithValidData" duration-ms="607" started-at="2014-05-08T01:16:58Z" data-provider="groupsFromFile" finished-at="2014-05-08T01:16:58Z">
          <params>
            <param index="0">
              <value>
                <![CDATA[GroupData [name=, header=groupheader1038110676, footer=groupfooter756500969]]]>
              </value>
            </param>
          </params>
          <reporter-output>
          </reporter-output>
        </test-method> <!-- testGroupCreationWithValidData -->
        <test-method status="PASS" signature="testGroupCreationWithValidData(com.example.tests.GroupData)[pri:0, instance:com.example.tests.GroupCreationTests@3bb779cf]" name="testGroupCreationWithValidData" duration-ms="665" started-at="2014-05-08T01:16:58Z" data-provider="groupsFromFile" finished-at="2014-05-08T01:16:59Z">
          <params>
            <param index="0">
              <value>
                <![CDATA[GroupData [name=groupname-64487982, header=groupheader924513906, footer=groupfooter641456853]]]>
              </value>
            </param>
          </params>
          <reporter-output>
          </reporter-output>
        </test-method> <!-- testGroupCreationWithValidData -->
        <test-method status="PASS" signature="tearDown()[pri:0, instance:com.example.tests.GroupCreationTests@3bb779cf]" name="tearDown" is-config="true" duration-ms="91" started-at="2014-05-08T01:16:59Z" finished-at="2014-05-08T01:16:59Z">
          <reporter-output>
          </reporter-output>
        </test-method> <!-- tearDown -->
      </class> <!-- com.example.tests.GroupCreationTests -->
    </test> <!-- Default test -->
  </suite> <!-- Default suite -->
</testng-results>
