<?xml version="1.0" encoding="UTF-8"?>
<testng-results skipped="0" failed="0" total="2" passed="2">
  <reporter-output>
  </reporter-output>
  <suite name="Default suite" duration-ms="6579" started-at="2014-03-29T19:28:40Z" finished-at="2014-03-29T19:28:47Z">
    <groups>
    </groups>
    <test name="Default test" duration-ms="6579" started-at="2014-03-29T19:28:40Z" finished-at="2014-03-29T19:28:47Z">
      <class name="com.example.tests.ContactCreationTests">
        <test-method status="PASS" signature="setUp()[pri:0, instance:com.example.tests.ContactCreationTests@60ece686]" name="setUp" is-config="true" duration-ms="3678" started-at="2014-03-29T21:28:40Z" finished-at="2014-03-29T21:28:44Z">
          <reporter-output>
          </reporter-output>
        </test-method> <!-- setUp -->
        <test-method status="PASS" signature="testContactCreationWithValidData(com.example.tests.ContactData)[pri:0, instance:com.example.tests.ContactCreationTests@60ece686]" name="testContactCreationWithValidData" duration-ms="1430" started-at="2014-03-29T21:28:44Z" data-provider="randomValidContactGenerator" finished-at="2014-03-29T21:28:45Z">
          <params>
            <param index="0">
              <value>
                <![CDATA[ContactData [firstname=, lastname=]]]>
              </value>
            </param>
          </params>
          <reporter-output>
          </reporter-output>
        </test-method> <!-- testContactCreationWithValidData -->
        <test-method status="PASS" signature="testContactCreationWithValidData(com.example.tests.ContactData)[pri:0, instance:com.example.tests.ContactCreationTests@60ece686]" name="testContactCreationWithValidData" duration-ms="1368" started-at="2014-03-29T21:28:45Z" data-provider="randomValidContactGenerator" finished-at="2014-03-29T21:28:47Z">
          <params>
            <param index="0">
              <value>
                <![CDATA[ContactData [firstname=, lastname=lastname1070350222]]]>
              </value>
            </param>
          </params>
          <reporter-output>
          </reporter-output>
        </test-method> <!-- testContactCreationWithValidData -->
        <test-method status="PASS" signature="tearDown()[pri:0, instance:com.example.tests.ContactCreationTests@60ece686]" name="tearDown" is-config="true" duration-ms="85" started-at="2014-03-29T21:28:47Z" finished-at="2014-03-29T21:28:47Z">
          <reporter-output>
          </reporter-output>
        </test-method> <!-- tearDown -->
      </class> <!-- com.example.tests.ContactCreationTests -->
    </test> <!-- Default test -->
  </suite> <!-- Default suite -->
</testng-results>
